<?xml version="1.0" encoding="UTF-8"?>
<!-- Generated by org.testng.reporters.JUnitReportReporter -->
<testsuite hostname="DESKTOP-F5R7G24" failures="0" tests="12" name="TestRunner" time="0.543" errors="0" timestamp="2024-09-24T23:32:52 IST" skipped="0">
  <testcase classname="TestRunner" name="runScenario" time="0.198"/>
  <testcase classname="TestRunner" name="runScenario" time="0.037"/>
  <testcase classname="TestRunner" name="runScenario" time="0.024"/>
  <testcase classname="TestRunner" name="runScenario" time="0.025"/>
  <testcase classname="TestRunner" name="runScenario" time="0.034"/>
  <testcase classname="TestRunner" name="runScenario" time="0.026"/>
  <testcase classname="TestRunner" name="runScenario" time="0.030"/>
  <testcase classname="TestRunner" name="runScenario" time="0.038"/>
  <testcase classname="TestRunner" name="runScenario" time="0.027"/>
  <testcase classname="TestRunner" name="runScenario" time="0.053"/>
  <testcase classname="TestRunner" name="runScenario" time="0.017"/>
  <testcase classname="TestRunner" name="runScenario" time="0.034"/>
</testsuite> <!-- TestRunner -->
